2024-01-30 16:15:00.695 [info] Extension host with pid 13480 started
2024-01-30 16:15:00.840 [info] ExtensionService#_doActivateExtension vscode.git-base, startup: true, activationEvent: '*'
2024-01-30 16:15:00.902 [info] Lock '/home/marouane_hamza/.vscode-server/data/User/workspaceStorage/070a876b9bd775c8cd64f39ee4230155/vscode.lock': Lock acquired.
2024-01-30 16:15:00.990 [info] ExtensionService#_doActivateExtension vscode.github, startup: true, activationEvent: '*'
2024-01-30 16:15:01.695 [info] Eager extensions activated
2024-01-30 16:15:01.699 [info] ExtensionService#_doActivateExtension vscode.debug-auto-launch, startup: false, activationEvent: 'onStartupFinished'
2024-01-30 16:15:01.702 [info] ExtensionService#_doActivateExtension vscode.merge-conflict, startup: false, activationEvent: 'onStartupFinished'
2024-01-30 16:15:21.082 [info] ExtensionService#_doActivateExtension vscode.git, startup: false, activationEvent: 'api', root cause: vscode.github
2024-01-30 16:30:51.022 [info] ExtensionService#_doActivateExtension vscode.php-language-features, startup: false, activationEvent: 'onLanguage:php'
2024-01-30 16:30:51.086 [info] ExtensionService#_doActivateExtension vscode.emmet, startup: false, activationEvent: 'onLanguage'
2024-02-07 16:17:39.308 [info] Extension host terminating: renderer disconnected for too long (1)
2024-02-07 16:17:39.374 [info] Lock '/home/marouane_hamza/.vscode-server/data/User/workspaceStorage/070a876b9bd775c8cd64f39ee4230155/vscode.lock': Marking the lockfile as scheduled to be released in 6000 ms.
2024-02-07 16:17:39.822 [info] Extension host with pid 13480 exiting with code 0
2024-02-11 17:15:15.460 [info] Extension host with pid 27716 started
2024-02-11 17:15:15.482 [info] ExtensionService#_doActivateExtension vscode.php-language-features, startup: false, activationEvent: 'onLanguage:php'
2024-02-11 17:15:15.484 [info] ExtensionService#_doActivateExtension vscode.emmet, startup: false, activationEvent: 'onLanguage'
2024-02-11 17:15:15.639 [info] Lock '/home/marouane_hamza/.vscode-server/data/User/workspaceStorage/070a876b9bd775c8cd64f39ee4230155/vscode.lock': Lock acquired.
2024-02-11 17:15:15.753 [info] ExtensionService#_doActivateExtension vscode.git-base, startup: true, activationEvent: '*', root cause: vscode.git
2024-02-11 17:15:15.781 [info] ExtensionService#_doActivateExtension vscode.git, startup: true, activationEvent: '*'
2024-02-11 17:15:15.782 [info] ExtensionService#_doActivateExtension vscode.github, startup: true, activationEvent: '*'
2024-02-11 17:15:16.143 [info] Eager extensions activated
2024-02-11 17:15:16.144 [info] ExtensionService#_doActivateExtension vscode.debug-auto-launch, startup: false, activationEvent: 'onStartupFinished'
2024-02-11 17:15:16.144 [info] ExtensionService#_doActivateExtension vscode.merge-conflict, startup: false, activationEvent: 'onStartupFinished'
