2024-03-05 14:44:53.653 [info] Extension host with pid 878 started
2024-03-05 14:44:53.653 [error] Error: EEXIST: file already exists, open '/home/marouane_hamza/.vscode-server/data/User/workspaceStorage/d4f6a1c988f769c1919457244ec47b4c/vscode.lock'
2024-03-05 14:44:53.666 [info] Lock '/home/marouane_hamza/.vscode-server/data/User/workspaceStorage/d4f6a1c988f769c1919457244ec47b4c/vscode.lock': Could not acquire lock, checking if the file is stale.
2024-03-05 14:44:53.686 [info] Lock '/home/marouane_hamza/.vscode-server/data/User/workspaceStorage/d4f6a1c988f769c1919457244ec47b4c/vscode.lock': The pid 23910 appears to be gone.
2024-03-05 14:44:53.686 [info] Lock '/home/marouane_hamza/.vscode-server/data/User/workspaceStorage/d4f6a1c988f769c1919457244ec47b4c/vscode.lock': Deleting a stale lock.
2024-03-05 14:44:53.732 [info] Lock '/home/marouane_hamza/.vscode-server/data/User/workspaceStorage/d4f6a1c988f769c1919457244ec47b4c/vscode.lock': Lock acquired.
2024-03-05 14:44:54.344 [info] ExtensionService#_doActivateExtension vscode.emmet, startup: false, activationEvent: 'onLanguage'
2024-03-05 14:44:54.348 [info] ExtensionService#_doActivateExtension vscode.php-language-features, startup: false, activationEvent: 'onLanguage:php'
2024-03-05 14:44:54.575 [info] ExtensionService#_doActivateExtension vscode.git-base, startup: true, activationEvent: '*', root cause: vscode.git
2024-03-05 14:44:54.796 [info] ExtensionService#_doActivateExtension vscode.git, startup: true, activationEvent: '*'
2024-03-05 14:44:54.803 [info] ExtensionService#_doActivateExtension vscode.github, startup: true, activationEvent: '*'
2024-03-05 14:44:56.060 [info] Eager extensions activated
2024-03-05 14:44:56.061 [info] ExtensionService#_doActivateExtension vscode.debug-auto-launch, startup: false, activationEvent: 'onStartupFinished'
2024-03-05 14:44:56.062 [info] ExtensionService#_doActivateExtension vscode.merge-conflict, startup: false, activationEvent: 'onStartupFinished'
2024-03-05 15:31:42.814 [warning] [Decorations] CAPPING events from decorations provider vscode.git 1378
2024-03-05 15:31:43.263 [warning] [Decorations] CAPPING events from decorations provider vscode.git 1378
2024-03-05 15:31:46.851 [warning] [Decorations] CAPPING events from decorations provider vscode.git 1378
2024-03-05 15:31:51.944 [warning] [Decorations] CAPPING events from decorations provider vscode.git 1378
2024-03-05 15:31:57.025 [warning] [Decorations] CAPPING events from decorations provider vscode.git 1378
2024-03-05 15:32:02.112 [warning] [Decorations] CAPPING events from decorations provider vscode.git 1378
2024-03-05 15:32:07.167 [warning] [Decorations] CAPPING events from decorations provider vscode.git 1378
2024-03-05 15:32:12.248 [warning] [Decorations] CAPPING events from decorations provider vscode.git 1378
2024-03-05 15:32:17.327 [warning] [Decorations] CAPPING events from decorations provider vscode.git 1378
2024-03-05 15:32:20.913 [info] ExtensionService#_doActivateExtension vscode.npm, startup: false, activationEvent: 'onTerminalQuickFixRequest:ms-vscode.npm-command'
2024-03-05 15:32:22.405 [warning] [Decorations] CAPPING events from decorations provider vscode.git 1378
2024-03-05 15:32:27.487 [warning] [Decorations] CAPPING events from decorations provider vscode.git 1378
2024-03-05 15:32:32.558 [warning] [Decorations] CAPPING events from decorations provider vscode.git 1378
2024-03-05 15:32:37.626 [warning] [Decorations] CAPPING events from decorations provider vscode.git 1378
2024-03-05 15:32:42.710 [warning] [Decorations] CAPPING events from decorations provider vscode.git 1378
2024-03-05 15:32:47.776 [warning] [Decorations] CAPPING events from decorations provider vscode.git 1378
2024-03-05 15:32:52.849 [warning] [Decorations] CAPPING events from decorations provider vscode.git 1378
2024-03-05 15:32:57.942 [warning] [Decorations] CAPPING events from decorations provider vscode.git 1378
2024-03-05 15:33:03.034 [warning] [Decorations] CAPPING events from decorations provider vscode.git 1378
2024-03-05 15:34:21.625 [warning] [Decorations] CAPPING events from decorations provider vscode.git 1378
2024-03-05 15:34:26.709 [warning] [Decorations] CAPPING events from decorations provider vscode.git 1378
2024-03-05 15:34:31.793 [warning] [Decorations] CAPPING events from decorations provider vscode.git 1378
2024-03-05 15:34:36.859 [warning] [Decorations] CAPPING events from decorations provider vscode.git 1379
2024-03-05 15:34:41.932 [warning] [Decorations] CAPPING events from decorations provider vscode.git 1379
2024-03-05 15:34:47.015 [warning] [Decorations] CAPPING events from decorations provider vscode.git 1379
2024-03-05 15:34:52.088 [warning] [Decorations] CAPPING events from decorations provider vscode.git 1379
2024-03-05 15:34:58.569 [warning] [Decorations] CAPPING events from decorations provider vscode.git 1379
2024-03-05 15:35:03.648 [warning] [Decorations] CAPPING events from decorations provider vscode.git 1379
2024-03-05 15:35:08.703 [warning] [Decorations] CAPPING events from decorations provider vscode.git 1379
2024-03-05 15:35:13.758 [warning] [Decorations] CAPPING events from decorations provider vscode.git 1379
2024-03-05 15:35:18.842 [warning] [Decorations] CAPPING events from decorations provider vscode.git 1379
2024-03-05 15:35:23.915 [warning] [Decorations] CAPPING events from decorations provider vscode.git 1379
2024-03-05 15:35:56.742 [warning] [Decorations] CAPPING events from decorations provider vscode.git 1379
2024-03-05 15:36:01.806 [warning] [Decorations] CAPPING events from decorations provider vscode.git 1379
2024-03-05 15:36:06.863 [warning] [Decorations] CAPPING events from decorations provider vscode.git 1379
